<?xml version="1.0" encoding="UTF-8"?>
<testsuite xmlns:xsi="http://www.w3.org/2001/XMLSchema-instance" xsi:noNamespaceSchemaLocation="https://maven.apache.org/surefire/maven-surefire-plugin/xsd/surefire-test-report-3.0.xsd" version="3.0" name="com.example.lab5project2.Lab5Project2ApplicationTests" time="19.784" tests="1" errors="0" skipped="0" failures="0">
  <properties>
[...]
</properties>
  <testcase name="contextLoads" classname="com.example.lab5project2.Lab5Project2ApplicationTests" time="1.006">
    <system-out><![CDATA[13:04:05.449 [main] INFO org.springframework.test.context.support.AnnotationConfigContextLoaderUtils -- Could not detect default configuration classes for test class [com.example.lab5project2.Lab5Project2ApplicationTests]: Lab5Project2ApplicationTests does not declare any static, non-private, non-final, nested classes annotated with @Configuration.
13:04:05.722 [main] INFO org.springframework.boot.test.context.SpringBootTestContextBootstrapper -- Found @SpringBootConfiguration com.example.lab5project2.Lab5Project2Application for test class com.example.lab5project2.Lab5Project2ApplicationTests

  .   ____          _            __ _ _
 /\\ / ___'_ __ _ _(_)_ __  __ _ \ \ \ \
( ( )\___ | '_ | '_| | '_ \/ _` | \ \ \ \
 \\/  ___)| |_)| | | | | || (_| |  ) ) ) )
  '  |____| .__|_| |_|_| |_\__, | / / / /
 =========|_|==============|___/=/_/_/_/

 :: Spring Boot ::                (v3.3.4)

2024-12-03T13:04:07.353Z  INFO 22700 --- [lab5- project2] [           main] c.e.l.Lab5Project2ApplicationTests       : Starting Lab5Project2ApplicationTests using Java 17.0.4.1 with PID 22700 (started by danie in C:\Users\danie\OneDrive - mycit.ie\Year 4\AppDevFrameworks\lab5web\lab5- project2)
2024-12-03T13:04:07.353Z  INFO 22700 --- [lab5- project2] [           main] c.e.l.Lab5Project2ApplicationTests       : No active profile set, falling back to 1 default profile: "default"
2024-12-03T13:04:09.380Z  INFO 22700 --- [lab5- project2] [           main] .s.d.r.c.RepositoryConfigurationDelegate : Bootstrapping Spring Data JPA repositories in DEFAULT mode.
2024-12-03T13:04:09.813Z  INFO 22700 --- [lab5- project2] [           main] .s.d.r.c.RepositoryConfigurationDelegate : Finished Spring Data repository scanning in 411 ms. Found 2 JPA repository interfaces.
2024-12-03T13:04:10.860Z  WARN 22700 --- [lab5- project2] [           main] trationDelegate$BeanPostProcessorChecker : Bean 'org.springframework.ws.config.annotation.DelegatingWsConfiguration' of type [org.springframework.ws.config.annotation.DelegatingWsConfiguration$$SpringCGLIB$$0] is not eligible for getting processed by all BeanPostProcessors (for example: not eligible for auto-proxying). The currently created BeanPostProcessor [annotationActionEndpointMapping] is declared through a non-static factory method on that class; consider declaring it as static instead.
2024-12-03T13:04:10.969Z  INFO 22700 --- [lab5- project2] [           main] .w.s.a.s.AnnotationActionEndpointMapping : Supporting [WS-Addressing August 2004, WS-Addressing 1.0]
2024-12-03T13:04:11.632Z  INFO 22700 --- [lab5- project2] [           main] com.zaxxer.hikari.HikariDataSource       : HikariPool-1 - Starting...
2024-12-03T13:04:12.041Z  INFO 22700 --- [lab5- project2] [           main] com.zaxxer.hikari.pool.HikariPool        : HikariPool-1 - Added connection conn0: url=jdbc:h2:mem:learning_spring user=SA
2024-12-03T13:04:12.041Z  INFO 22700 --- [lab5- project2] [           main] com.zaxxer.hikari.HikariDataSource       : HikariPool-1 - Start completed.
2024-12-03T13:04:12.388Z  INFO 22700 --- [lab5- project2] [           main] o.hibernate.jpa.internal.util.LogHelper  : HHH000204: Processing PersistenceUnitInfo [name: default]
2024-12-03T13:04:12.550Z  INFO 22700 --- [lab5- project2] [           main] org.hibernate.Version                    : HHH000412: Hibernate ORM core version 6.5.3.Final
2024-12-03T13:04:12.656Z  INFO 22700 --- [lab5- project2] [           main] o.h.c.internal.RegionFactoryInitiator    : HHH000026: Second-level cache disabled
2024-12-03T13:04:13.582Z  INFO 22700 --- [lab5- project2] [           main] o.s.o.j.p.SpringPersistenceUnitInfo      : No LoadTimeWeaver setup: ignoring JPA class transformer
2024-12-03T13:04:13.722Z  WARN 22700 --- [lab5- project2] [           main] org.hibernate.orm.deprecation            : HHH90000025: H2Dialect does not need to be specified explicitly using 'hibernate.dialect' (remove the property setting and it will be selected by default)
2024-12-03T13:04:16.005Z  INFO 22700 --- [lab5- project2] [           main] o.h.e.t.j.p.i.JtaPlatformInitiator       : HHH000489: No JTA platform available (set 'hibernate.transaction.jta.platform' to enable JTA platform integration)
2024-12-03T13:04:16.107Z  INFO 22700 --- [lab5- project2] [           main] j.LocalContainerEntityManagerFactoryBean : Initialized JPA EntityManagerFactory for persistence unit 'default'
2024-12-03T13:04:17.372Z  INFO 22700 --- [lab5- project2] [           main] o.s.d.j.r.query.QueryEnhancerFactory     : Hibernate is in classpath; If applicable, HQL parser will be used.
2024-12-03T13:04:19.440Z  WARN 22700 --- [lab5- project2] [           main] JpaBaseConfiguration$JpaWebConfiguration : spring.jpa.open-in-view is enabled by default. Therefore, database queries may be performed during view rendering. Explicitly configure spring.jpa.open-in-view to disable this warning
2024-12-03T13:04:21.016Z  INFO 22700 --- [lab5- project2] [           main] efaultSchemaResourceGraphQlSourceBuilder : Loaded 1 resource(s) in the GraphQL schema.
2024-12-03T13:04:21.616Z  INFO 22700 --- [lab5- project2] [           main] o.s.b.a.g.GraphQlAutoConfiguration       : GraphQL schema inspection:
	Unmapped fields: {PetStatistics=[averageAge, oldestAge, totalCount]}
	Unmapped registrations: {}
	Unmapped arguments: {}
	Skipped types: []
2024-12-03T13:04:21.706Z  INFO 22700 --- [lab5- project2] [           main] s.b.a.g.s.GraphQlWebMvcAutoConfiguration : GraphQL endpoint HTTP POST /graphql
2024-12-03T13:04:22.260Z  WARN 22700 --- [lab5- project2] [           main] ion$DefaultTemplateResolverConfiguration : Cannot find template location: classpath:/templates/ (please add some templates, check your Thymeleaf configuration, or set spring.thymeleaf.check-template-location=false)
2024-12-03T13:04:22.677Z  INFO 22700 --- [lab5- project2] [           main] o.s.b.a.h2.H2ConsoleAutoConfiguration    : H2 console available at '/h2-console'. Database available at 'jdbc:h2:mem:learning_spring'
2024-12-03T13:04:22.941Z  WARN 22700 --- [lab5- project2] [           main] .s.s.UserDetailsServiceAutoConfiguration : 

Using generated security password: cef0c470-9dbc-4b30-b69b-fedf35760019

This generated password is for development use only. Your security configuration must be updated before running your application in production.

2024-12-03T13:04:22.999Z  INFO 22700 --- [lab5- project2] [           main] r$InitializeUserDetailsManagerConfigurer : Global AuthenticationManager configured with UserDetailsService bean with name inMemoryUserDetailsManager
2024-12-03T13:04:23.636Z  INFO 22700 --- [lab5- project2] [           main] c.e.l.Lab5Project2ApplicationTests       : Started Lab5Project2ApplicationTests in 17.349 seconds (process running for 20.011)
]]></system-out>
  </testcase>
</testsuite>